2024-06-06T17:25:50.127Z info: Server running in development mode on port 3000
2024-06-06T17:25:52.020Z info: Connected to MongoDB
2024-06-06T17:36:35.792Z info: Server running in development mode on port 3000
2024-06-06T17:36:37.443Z info: Connected to MongoDB
2024-06-06T17:40:24.513Z warn: Access denied. No token provided.
2024-06-06T17:55:01.045Z error: JsonWebTokenError: invalid token
    at module.exports [as verify] (C:\backend_real_otp\node_modules\jsonwebtoken\verify.js:82:17)
    at module.exports (C:\backend_real_otp\middleware\authMiddleware.js:22:25)
    at Layer.handle [as handle_request] (C:\backend_real_otp\node_modules\express\lib\router\layer.js:95:5)
    at next (C:\backend_real_otp\node_modules\express\lib\router\route.js:149:13)
    at Route.dispatch (C:\backend_real_otp\node_modules\express\lib\router\route.js:119:3)
    at Layer.handle [as handle_request] (C:\backend_real_otp\node_modules\express\lib\router\layer.js:95:5)
    at C:\backend_real_otp\node_modules\express\lib\router\index.js:284:15
    at param (C:\backend_real_otp\node_modules\express\lib\router\index.js:365:14)
    at param (C:\backend_real_otp\node_modules\express\lib\router\index.js:376:14)
    at Function.process_params (C:\backend_real_otp\node_modules\express\lib\router\index.js:421:3)
2024-06-06T18:04:32.354Z warn: Access denied. No token provided.
{"level":"info","message":"Environment: production","timestamp":"2024-06-07T17:36:59.844Z"}
{"level":"info","message":"Environment: production","timestamp":"2024-06-08T05:19:04.372Z"}
{"level":"info","message":"Environment: production","timestamp":"2024-06-08T06:01:33.459Z"}
{"level":"info","message":"User registered: Krish (1234567890)"}
{"level":"error","message":"Error sending OTP via Twilio: Invalid 'To' Phone Number: 123456XXXX"}
{"level":"error","message":"Error registering user: Failed to send OTP"}
{"level":"info","message":"User registered: Krish (2345678999)"}
{"level":"error","message":"Error sending OTP via Twilio: Permission to send an SMS has not been enabled for the region indicated by the 'To' number: 234567XXXX"}
{"level":"error","message":"Error registering user: Failed to send OTP"}
{"level":"error","message":"Error registering user: E11000 duplicate key error collection: test.users index: email_1 dup key: { email: \"Krish@example.com\" }"}
{"level":"warn","message":"OTP verification failed for user: 1234567890"}
{"level":"info","message":"User registered: Krish2 (8137828934)"}
{"level":"error","message":"Error sending OTP via Twilio: Permission to send an SMS has not been enabled for the region indicated by the 'To' number: 813782XXXX"}
{"level":"error","message":"Error registering user: Failed to send OTP"}
{"level":"info","message":"OTP verified successfully for user: 8137828934"}
{"level":"info","message":"User login attempt: 8137828934"}
{"level":"info","message":"User logged in: 8137828934"}
