2024-06-06T17:55:01.045Z error: JsonWebTokenError: invalid token
    at module.exports [as verify] (C:\backend_real_otp\node_modules\jsonwebtoken\verify.js:82:17)
    at module.exports (C:\backend_real_otp\middleware\authMiddleware.js:22:25)
    at Layer.handle [as handle_request] (C:\backend_real_otp\node_modules\express\lib\router\layer.js:95:5)
    at next (C:\backend_real_otp\node_modules\express\lib\router\route.js:149:13)
    at Route.dispatch (C:\backend_real_otp\node_modules\express\lib\router\route.js:119:3)
    at Layer.handle [as handle_request] (C:\backend_real_otp\node_modules\express\lib\router\layer.js:95:5)
    at C:\backend_real_otp\node_modules\express\lib\router\index.js:284:15
    at param (C:\backend_real_otp\node_modules\express\lib\router\index.js:365:14)
    at param (C:\backend_real_otp\node_modules\express\lib\router\index.js:376:14)
    at Function.process_params (C:\backend_real_otp\node_modules\express\lib\router\index.js:421:3)
{"level":"error","message":"Error sending OTP via Twilio: Invalid 'To' Phone Number: 123456XXXX"}
{"level":"error","message":"Error registering user: Failed to send OTP"}
{"level":"error","message":"Error sending OTP via Twilio: Permission to send an SMS has not been enabled for the region indicated by the 'To' number: 234567XXXX"}
{"level":"error","message":"Error registering user: Failed to send OTP"}
{"level":"error","message":"Error registering user: E11000 duplicate key error collection: test.users index: email_1 dup key: { email: \"Krish@example.com\" }"}
{"level":"error","message":"Error sending OTP via Twilio: Permission to send an SMS has not been enabled for the region indicated by the 'To' number: 813782XXXX"}
{"level":"error","message":"Error registering user: Failed to send OTP"}
{"level":"error","message":"Error sending OTP via Twilio: Invalid 'To' Phone Number: 123455XXXX"}
{"level":"error","message":"Error registering user: Failed to send OTP"}
{"level":"error","message":"Error updating user: E11000 duplicate key error collection: 66605d81e03c72006e5bd2f8_test.users index: phoneNumber_1 dup key: { phoneNumber: \"8137828934\" }"}
{"level":"error","message":"Error updating user: E11000 duplicate key error collection: 66605d81e03c72006e5bd2f8_test.users index: phoneNumber_1 dup key: { phoneNumber: \"8137828934\" }"}
{"level":"error","message":"Error adding favorite: User validation failed: favorites.0.id: Path `id` is required., favorites.0.title: Path `title` is required., favorites.0.completed: Path `completed` is required."}
{"level":"error","message":"Error adding favorite: User validation failed: favorites.0.id: Path `id` is required."}
{"level":"error","message":"Error sending OTP via Twilio: Invalid 'To' Phone Number: 3333555XXXX"}
{"level":"error","message":"Error registering user: Failed to send OTP"}
{"level":"error","message":"Error uploading photo: Cannot read properties of undefined (reading 'path')"}
{"level":"error","message":"Error registering admin: E11000 duplicate key error collection: test.users index: email_1 dup key: { email: \"admin@example.com\" }"}
{"level":"error","message":"Error registering admin: E11000 duplicate key error collection: test.users index: email_1 dup key: { email: \"admin@example.com\" }"}
{"level":"error","message":"Error sending OTP via Twilio: Invalid 'To' Phone Number: 34546646XXXX"}
{"level":"error","message":"Error registering admin: Failed to send OTP"}
{"level":"error","message":"Error sending OTP via Twilio: Invalid 'To' Phone Number: 34546646XXXX"}
{"level":"error","message":"Error registering admin: Failed to send OTP"}
{"level":"error","message":"Error sending OTP via Twilio: Invalid 'To' Phone Number: 345466464XXXX"}
{"level":"error","message":"Error registering admin: Failed to send OTP"}
{"level":"error","message":"Error sending OTP via Twilio: Invalid 'To' Phone Number: 345466464XXXX"}
{"level":"error","message":"Error registering admin: Failed to send OTP"}
{"level":"error","message":"Error sending OTP via Twilio: Invalid 'To' Phone Number: 3454664646XXXX"}
{"level":"error","message":"Error registering admin: Failed to send OTP"}
{"level":"error","message":"Error sending OTP via Twilio: Permission to send an SMS has not been enabled for the region indicated by the 'To' number: 234354XXXX"}
{"level":"error","message":"Error registering admin: Failed to send OTP"}
